#-----------------------------------------------------------
# Vivado v2018.3 (64-bit)
# SW Build 2405991 on Thu Dec  6 23:38:27 MST 2018
# IP Build 2404404 on Fri Dec  7 01:43:56 MST 2018
# Start of session at: Wed Mar 23 17:49:50 2022
# Process ID: 14260
# Current directory: D:/codes/tcp_cam
# Command line: vivado.exe -gui_launcher_event rodinguilauncherevent10344 D:\codes\tcp_cam\tcp_cam.xpr
# Log file: D:/codes/tcp_cam/vivado.log
# Journal file: D:/codes/tcp_cam\vivado.jou
#-----------------------------------------------------------
start_gui
open_project D:/codes/tcp_cam/tcp_cam.xpr
Scanning sources...
Finished scanning sources
INFO: [IP_Flow 19-234] Refreshing IP repositories
INFO: [IP_Flow 19-1700] Loaded user IP repository 'd:/codes/ov5640_lcd/ip_repo'.
INFO: [Common 17-41] Interrupt caught. Command should exit soon.
INFO: [IP_Flow 19-2open_project: Time (s): cpu = 00:00:41 ; elapsed = 00:00:28 . MemoryERROR: [BD 41-69] Error sourcing TCL scupdate_compile_order -fileset sources_1
exit
INFO: [Common 17-206] Exiting Vivado at Wed Mar 23 17:53:28 2022...
_cam/tcp_cam.sdk/system_wrapper.hdf
INFO: [Vivado 12-393] Launching SDK...
INFO: [Vivado 12-417] Running xsdk -workspace D:/codes/tcp_cam/tcp_cam.sdk -hwspec D:/codes/tcp_cam/tcp_cam.sdk/system_wrapper.hdf
INFO: [Vivado 12-3157] SDK launch initiated. Please check console for any further messages.
exit
INFO: [Common 17-206] Exiting Vivado at Wed Mar 23 17:53:26 2022...
18.3/data/rsb/busdef/clock_signal/busdef.tcl} }"
INFO: [Common 17-344] 'open_project' was cancelled
exit
INFO: [Common 17-206] Exiting Vivado at Wed Mar 23 17:53:30 2022...
