#-----------------------------------------------------------
# Webtalk v2018.3 (64-bit)
# SW Build 2405991 on Thu Dec  6 23:38:27 MST 2018
# 
# Start of session at: Sat Mar 19 20:03:36 2022
# Process ID: 4004
# Current directory: D:/codes/tcp_cam/tcp_cam.sdk/webtalk
# Command line: wbtcv.exe -mode batch -source sdk_webtalk.tcl
# Log file: D:/codes/tcp_cam/tcp_cam.sdk/webtalk/webtalk.log
# Journal file: D:/codes/tcp_cam/tcp_cam.sdk/webtalk\webtalk.jou
#-----------------------------------------------------------
source sdk_webtalk.tcl
# webtalk_init -webtalk_dir D:\\codes\\tcp_cam\\tcp_cam.sdk\\webtalk
# webtalk_register_client -client project
# webtalk_add_data -client project -key date_generated -value "2022-03-19 20:03:33" -context "software_version_and_target_device"
# webtalk_add_data -client project -key product_version -value "SDK v2018.3" -context "software_version_and_target_device"
# webtalk_add_data -client project -key build_version -value "2018.3" -context "software_version_and_target_device"
# webtalk_add_data -client project -key os_platform -value "amd64" -context "software_version_and_target_device"
# webtalk_add_data -client project -key registration_id -value "" -context "software_version_and_target_device"
# webtalk_add_data -client project -key tool_flow -value "SDK" -context "software_version_and_target_device"
# webtalk_add_data -client project -key beta -value "false" -context "software_version_and_target_device"
# webtalk_add_data -client project -key route_design -value "NA" -context "software_version_and_target_device"
# webtalk_add_data -client project -key target_family -value "NA" -context "software_version_and_target_device"
# webtalk_add_data -client project -key target_device -value "NA" -context "software_version_and_target_device"
# webtalk_add_data -client project -key target_package -value "NA" -context "software_version_and_target_device"
# webtalk_add_data -client project -key target_speed -value "NA" -context "software_version_and_target_device"
# webtalk_add_data -client project -key random_id -value "lmo55vj0f8af6no3d5pntokqio" -context "software_version_and_target_device"
# webtalk_add_data -client project -key project_id -value "2018.3_15" -context "software_version_and_target_device"
# webtalk_add_data -client project -key project_iteration -value "15" -context "software_version_and_target_device"
# webtalk_add_data -client project -key os_name -value "Microsoft Windows 8 or later , 64-bit" -context "user_environment"
# webtalk_add_data -client project -key os_release -value "major release  (build 9200)" -context "user_environment"
# webtalk_add_data -client project -key cpu_name -value "Intel(R) Core(TM) i5-8250U CPU @ 1.60GHz" -context "user_environment"
# webtalk_add_data -client project -key cpu_speed -value "1800 MHz" -context "user_environment"
# webtalk_add_data -client project -key total_processors -value "1" -context "user_environment"
# webtalk_add_data -client project -key system_ram -value "8.459 GB" -context "user_environment"
# webtalk_register_client -client sdk
# webtalk_add_data -client sdk -key uid -value "1647690153288" -context "sdk\\\\bsp/1647690153288"
# webtalk_add_data -client sdk -key hwid -value "1646880161435" -context "sdk\\\\bsp/1647690153288"
# webtalk_add_data -client sdk -key os -value "standalone" -context "sdk\\\\bsp/1647690153288"
# webtalk_add_data -client sdk -key apptemplate -value "lwip_echo_server" -context "sdk\\\\bsp/1647690153288"
# webtalk_add_data -client sdk -key RecordType -value "BSPCreation" -context "sdk\\\\bsp/1647690153288"
# webtalk_add_data -client sdk -key uid -value "1647690163459" -context "sdk\\\\application/1647690163459"
# webtalk_add_data -client sdk -key hwid -value "1646880161435" -context "sdk\\\\application/1647690163459"
# webtalk_add_data -client sdk -key bspid -value "1647690153288" -context "sdk\\\\application/1647690163459"
# webtalk_add_data -client sdk -key newbsp -value "true" -context "sdk\\\\application/1647690163459"
# webtalk_add_data -client sdk -key os -value "standalone" -context "sdk\\\\application/1647690163459"
# webtalk_add_data -client sdk -key apptemplate -value "lwip_echo_server" -context "sdk\\\\application/1647690163459"
# webtalk_add_data -client sdk -key RecordType -value "APPCreation" -context "sdk\\\\application/1647690163459"
# webtalk_add_data -client sdk -key LangUsed -value "C" -context "sdk\\\\application/1647690163459"
# webtalk_add_data -client sdk -key Procused -value "ps7_cortexa9" -context "sdk\\\\application/1647690163459"
# webtalk_add_data -client sdk -key projSize -value "895.0625" -context "sdk\\\\application/1647690163459"
# webtalk_add_data -client sdk -key uid -value "NA" -context "sdk\\\\bsp/1647691413457"
# webtalk_add_data -client sdk -key RecordType -value "ToolUsage" -context "sdk\\\\bsp/1647691413457"
# webtalk_add_data -client sdk -key BootgenCount -value "0" -context "sdk\\\\bsp/1647691413457"
# webtalk_add_data -client sdk -key DebugCount -value "25" -context "sdk\\\\bsp/1647691413457"
# webtalk_add_data -client sdk -key PerfCount -value "1" -context "sdk\\\\bsp/1647691413457"
# webtalk_add_data -client sdk -key FlashCount -value "0" -context "sdk\\\\bsp/1647691413457"
# webtalk_add_data -client sdk -key CrossTriggCount -value "0" -context "sdk\\\\bsp/1647691413457"
# webtalk_add_data -client sdk -key QemuDebugCount -value "0" -context "sdk\\\\bsp/1647691413457"
# webtalk_transmit -clientid 3225640916 -regid "" -xml D:\\codes\\tcp_cam\\tcp_cam.sdk\\webtalk\\usage_statistics_ext_sdk.xml -html D:\\codes\\tcp_cam\\tcp_cam.sdk\\webtalk\\usage_statistics_ext_sdk.html -wdm D:\\codes\\tcp_cam\\tcp_cam.sdk\\webtalk\\sdk_webtalk.wdm -intro "<H3>SDK Usage Report</H3><BR>"
# webtalk_terminate
INFO: [Common 17-206] Exiting Webtalk at Sat Mar 19 20:03:45 2022...
